<?xml version="1.0" encoding="UTF-8"?>
<!-- Generated by org.testng.reporters.JUnitXMLReporter -->
<testsuite ignored="0" hostname="DESKTOP-75SF3QH" failures="0" tests="3" name="Default test" time="42.958" errors="0" timestamp="2022-04-22T16:27:11 IST">
  <testcase classname="test.LoginTest" name="forgotIdPass" time="1.119"/>
  <testcase classname="test.LoginTest" name="loginWithValidData" time="8.609"/>
  <testcase classname="test.LoginTest" name="signupPage" time="2.929"/>
</testsuite> <!-- Default test -->
