<?xml version="1.0" encoding="UTF-8"?>
<!-- Generated by org.testng.reporters.JUnitXMLReporter -->
<testsuite ignored="0" hostname="DESKTOP-75SF3QH" failures="0" tests="7" name="Test" time="43.759" errors="0" timestamp="2022-04-22T16:57:13 IST">
  <testcase classname="test.LoginTest" name="loginWithValidData" time="12.458"/>
  <testcase classname="test.LoginTest" name="signupPage" time="1.868"/>
  <testcase classname="test.LoginTest" name="forgotIdPass" time="0.574"/>
  <testcase classname="test.Practice" name="test1" time="0.004"/>
  <testcase classname="test.Practice" name="test2" time="0.004"/>
  <testcase classname="test.Practice" name="test3" time="0.007"/>
  <testcase classname="test.Practice" name="test4" time="0.001"/>
</testsuite> <!-- Test -->
